<?xml version="1.0" encoding="UTF-8"?>
<!-- Generated by org.testng.reporters.JUnitReportReporter -->
<testsuite hostname="DESKTOP-5N1P76C" failures="0" tests="2" name="com.lbrce.cseb.UserValidationTest" time="0.011" errors="0" timestamp="2023-11-07T10:35:48 IST" skipped="0">
  <testcase classname="com.lbrce.cseb.UserValidationTest" name="testCase1" time="0.010"/>
  <testcase classname="com.lbrce.cseb.UserValidationTest" name="testCase2" time="0.001"/>
</testsuite> <!-- com.lbrce.cseb.UserValidationTest -->
